{"/Users/lanshujun/webpack-ts/src/hooks/useIntersectionObserver.ts": {"path":"/Users/lanshujun/webpack-ts/src/hooks/useIntersectionObserver.ts","statementMap":{"0":{"start":{"line":1,"column":0},"end":{"line":1,"column":62}},"1":{"start":{"line":9,"column":39},"end":{"line":36,"column":1}},"2":{"start":{"line":10,"column":30},"end":{"line":10,"column":54}},"3":{"start":{"line":11,"column":13},"end":{"line":20,"column":4}},"4":{"start":{"line":12,"column":4},"end":{"line":14,"column":null}},"5":{"start":{"line":13,"column":6},"end":{"line":13,"column":22}},"6":{"start":{"line":21,"column":2},"end":{"line":31,"column":5}},"7":{"start":{"line":22,"column":17},"end":{"line":22,"column":28}},"8":{"start":{"line":23,"column":4},"end":{"line":25,"column":null}},"9":{"start":{"line":24,"column":6},"end":{"line":24,"column":23}},"10":{"start":{"line":26,"column":4},"end":{"line":30,"column":6}},"11":{"start":{"line":27,"column":6},"end":{"line":29,"column":null}},"12":{"start":{"line":28,"column":8},"end":{"line":28,"column":24}},"13":{"start":{"line":34,"column":2},"end":{"line":34,"column":18}},"14":{"start":{"line":9,"column":13},"end":{"line":9,"column":39}}},"fnMap":{"0":{"name":"(anonymous_0)","decl":{"start":{"line":9,"column":39},"end":{"line":9,"column":40}},"loc":{"start":{"line":9,"column":93},"end":{"line":36,"column":1}}},"1":{"name":"(anonymous_1)","decl":{"start":{"line":11,"column":38},"end":{"line":11,"column":39}},"loc":{"start":{"line":11,"column":50},"end":{"line":15,"column":3}}},"2":{"name":"(anonymous_2)","decl":{"start":{"line":21,"column":12},"end":{"line":21,"column":15}},"loc":{"start":{"line":21,"column":17},"end":{"line":31,"column":3}}},"3":{"name":"(anonymous_3)","decl":{"start":{"line":26,"column":11},"end":{"line":26,"column":14}},"loc":{"start":{"line":26,"column":16},"end":{"line":30,"column":5}}}},"branchMap":{"0":{"loc":{"start":{"line":12,"column":4},"end":{"line":14,"column":null}},"type":"if","locations":[{"start":{"line":12,"column":4},"end":{"line":14,"column":null}}]},"1":{"loc":{"start":{"line":16,"column":14},"end":{"line":16,"column":41}},"type":"binary-expr","locations":[{"start":{"line":16,"column":14},"end":{"line":16,"column":32}},{"start":{"line":16,"column":36},"end":{"line":16,"column":41}}]},"2":{"loc":{"start":{"line":16,"column":14},"end":{"line":16,"column":32}},"type":"cond-expr","locations":[{"start":{"line":16,"column":21},"end":{"line":16,"column":23}},{"start":{"line":16,"column":14},"end":{"line":16,"column":32}}]},"3":{"loc":{"start":{"line":16,"column":14},"end":{"line":16,"column":23}},"type":"binary-expr","locations":[{"start":{"line":16,"column":14},"end":{"line":16,"column":23}},{"start":{"line":16,"column":14},"end":{"line":16,"column":23}}]},"4":{"loc":{"start":{"line":17,"column":10},"end":{"line":17,"column":31}},"type":"binary-expr","locations":[{"start":{"line":17,"column":10},"end":{"line":17,"column":23}},{"start":{"line":17,"column":27},"end":{"line":17,"column":31}}]},"5":{"loc":{"start":{"line":17,"column":10},"end":{"line":17,"column":23}},"type":"cond-expr","locations":[{"start":{"line":17,"column":17},"end":{"line":17,"column":19}},{"start":{"line":17,"column":10},"end":{"line":17,"column":23}}]},"6":{"loc":{"start":{"line":17,"column":10},"end":{"line":17,"column":19}},"type":"binary-expr","locations":[{"start":{"line":17,"column":10},"end":{"line":17,"column":19}},{"start":{"line":17,"column":10},"end":{"line":17,"column":19}}]},"7":{"loc":{"start":{"line":18,"column":16},"end":{"line":18,"column":43}},"type":"binary-expr","locations":[{"start":{"line":18,"column":16},"end":{"line":18,"column":35}},{"start":{"line":18,"column":39},"end":{"line":18,"column":43}}]},"8":{"loc":{"start":{"line":18,"column":16},"end":{"line":18,"column":35}},"type":"cond-expr","locations":[{"start":{"line":18,"column":23},"end":{"line":18,"column":25}},{"start":{"line":18,"column":16},"end":{"line":18,"column":35}}]},"9":{"loc":{"start":{"line":18,"column":16},"end":{"line":18,"column":25}},"type":"binary-expr","locations":[{"start":{"line":18,"column":16},"end":{"line":18,"column":25}},{"start":{"line":18,"column":16},"end":{"line":18,"column":25}}]},"10":{"loc":{"start":{"line":23,"column":4},"end":{"line":25,"column":null}},"type":"if","locations":[{"start":{"line":23,"column":4},"end":{"line":25,"column":null}}]},"11":{"loc":{"start":{"line":27,"column":6},"end":{"line":29,"column":null}},"type":"if","locations":[{"start":{"line":27,"column":6},"end":{"line":29,"column":null}}]}},"s":{"0":0,"1":0,"2":0,"3":0,"4":0,"5":0,"6":0,"7":0,"8":0,"9":0,"10":0,"11":0,"12":0,"13":0,"14":0},"f":{"0":0,"1":0,"2":0,"3":0},"b":{"0":[0],"1":[0,0],"2":[0,0],"3":[0,0],"4":[0,0],"5":[0,0],"6":[0,0],"7":[0,0],"8":[0,0],"9":[0,0],"10":[0],"11":[0]}}
,"/Users/lanshujun/webpack-ts/src/store/index.ts": {"path":"/Users/lanshujun/webpack-ts/src/store/index.ts","statementMap":{"0":{"start":{"line":1,"column":0},"end":{"line":1,"column":50}},"1":{"start":{"line":2,"column":0},"end":{"line":2,"column":40}},"2":{"start":{"line":3,"column":0},"end":{"line":3,"column":41}},"3":{"start":{"line":5,"column":20},"end":{"line":7,"column":2}},"4":{"start":{"line":8,"column":13},"end":{"line":8,"column":63}}},"fnMap":{},"branchMap":{},"s":{"0":0,"1":0,"2":0,"3":0,"4":0},"f":{},"b":{}}
,"/Users/lanshujun/webpack-ts/src/utils/api.ts": {"path":"/Users/lanshujun/webpack-ts/src/utils/api.ts","statementMap":{"0":{"start":{"line":1,"column":13},"end":{"line":1,"column":54}}},"fnMap":{},"branchMap":{},"s":{"0":0},"f":{},"b":{}}
,"/Users/lanshujun/webpack-ts/src/utils/request.ts": {"path":"/Users/lanshujun/webpack-ts/src/utils/request.ts","statementMap":{"0":{"start":{"line":2,"column":0},"end":{"line":2,"column":65}},"1":{"start":{"line":4,"column":0},"end":{"line":4,"column":37}},"2":{"start":{"line":5,"column":0},"end":{"line":5,"column":42}},"3":{"start":{"line":8,"column":17},"end":{"line":10,"column":1}},"4":{"start":{"line":9,"column":2},"end":{"line":9,"column":39}},"5":{"start":{"line":11,"column":20},"end":{"line":13,"column":1}},"6":{"start":{"line":12,"column":2},"end":{"line":12,"column":35}},"7":{"start":{"line":15,"column":13},"end":{"line":20,"column":3}},"8":{"start":{"line":18,"column":4},"end":{"line":18,"column":24}},"9":{"start":{"line":22,"column":0},"end":{"line":31,"column":3}},"10":{"start":{"line":23,"column":16},"end":{"line":23,"column":26}},"11":{"start":{"line":24,"column":2},"end":{"line":29,"column":null}},"12":{"start":{"line":25,"column":4},"end":{"line":28,"column":6}},"13":{"start":{"line":30,"column":2},"end":{"line":30,"column":16}},"14":{"start":{"line":33,"column":0},"end":{"line":35,"column":3}},"15":{"start":{"line":34,"column":2},"end":{"line":34,"column":18}},"16":{"start":{"line":60,"column":27},"end":{"line":60,"column":77}},"17":{"start":{"line":60,"column":46},"end":{"line":60,"column":77}},"18":{"start":{"line":61,"column":26},"end":{"line":63,"column":3}},"19":{"start":{"line":62,"column":4},"end":{"line":62,"column":49}},"20":{"start":{"line":65,"column":4},"end":{"line":65,"column":67}},"21":{"start":{"line":66,"column":2},"end":{"line":70,"column":49}},"22":{"start":{"line":68,"column":6},"end":{"line":68,"column":47}},"23":{"start":{"line":52,"column":0},"end":{"line":52,"column":16}},"24":{"start":{"line":79,"column":2},"end":{"line":81,"column":null}},"25":{"start":{"line":80,"column":4},"end":{"line":80,"column":18}},"26":{"start":{"line":82,"column":2},"end":{"line":82,"column":15}},"27":{"start":{"line":90,"column":2},"end":{"line":93,"column":null}},"28":{"start":{"line":91,"column":4},"end":{"line":91,"column":52}},"29":{"start":{"line":92,"column":4},"end":{"line":92,"column":42}},"30":{"start":{"line":94,"column":2},"end":{"line":94,"column":15}}},"fnMap":{"0":{"name":"(anonymous_0)","decl":{"start":{"line":8,"column":17},"end":{"line":8,"column":20}},"loc":{"start":{"line":8,"column":22},"end":{"line":10,"column":1}}},"1":{"name":"(anonymous_1)","decl":{"start":{"line":11,"column":20},"end":{"line":11,"column":23}},"loc":{"start":{"line":11,"column":25},"end":{"line":13,"column":1}}},"2":{"name":"(anonymous_2)","decl":{"start":{"line":17,"column":2},"end":{"line":17,"column":16}},"loc":{"start":{"line":17,"column":23},"end":{"line":19,"column":3}}},"3":{"name":"(anonymous_3)","decl":{"start":{"line":22,"column":34},"end":{"line":22,"column":40}},"loc":{"start":{"line":22,"column":43},"end":{"line":31,"column":1}}},"4":{"name":"(anonymous_4)","decl":{"start":{"line":33,"column":35},"end":{"line":33,"column":43}},"loc":{"start":{"line":33,"column":46},"end":{"line":35,"column":1}}},"5":{"name":"request","decl":{"start":{"line":52,"column":16},"end":{"line":52,"column":23}},"loc":{"start":{"line":58,"column":3},"end":{"line":71,"column":1}}},"6":{"name":"(anonymous_6)","decl":{"start":{"line":60,"column":27},"end":{"line":60,"column":28}},"loc":{"start":{"line":60,"column":46},"end":{"line":60,"column":77}}},"7":{"name":"(anonymous_7)","decl":{"start":{"line":61,"column":26},"end":{"line":61,"column":27}},"loc":{"start":{"line":61,"column":41},"end":{"line":63,"column":3}}},"8":{"name":"(anonymous_8)","decl":{"start":{"line":67,"column":50},"end":{"line":67,"column":55}},"loc":{"start":{"line":67,"column":58},"end":{"line":69,"column":5}}},"9":{"name":"unAuthorizationErrorHandler","decl":{"start":{"line":78,"column":9},"end":{"line":78,"column":36}},"loc":{"start":{"line":78,"column":47},"end":{"line":83,"column":1}}},"10":{"name":"standardErrorMessageTransformer","decl":{"start":{"line":89,"column":9},"end":{"line":89,"column":40}},"loc":{"start":{"line":89,"column":51},"end":{"line":95,"column":1}}}},"branchMap":{"0":{"loc":{"start":{"line":24,"column":2},"end":{"line":29,"column":null}},"type":"if","locations":[{"start":{"line":24,"column":2},"end":{"line":29,"column":null}}]},"1":{"loc":{"start":{"line":65,"column":4},"end":{"line":65,"column":67}},"type":"cond-expr","locations":[{"start":{"line":65,"column":30},"end":{"line":65,"column":51}},{"start":{"line":65,"column":54},"end":{"line":65,"column":67}}]},"2":{"loc":{"start":{"line":67,"column":10},"end":{"line":67,"column":48}},"type":"binary-expr","locations":[{"start":{"line":67,"column":10},"end":{"line":67,"column":28}},{"start":{"line":67,"column":32},"end":{"line":67,"column":48}}]},"3":{"loc":{"start":{"line":67,"column":10},"end":{"line":67,"column":28}},"type":"cond-expr","locations":[{"start":{"line":67,"column":15},"end":{"line":67,"column":17}},{"start":{"line":67,"column":10},"end":{"line":67,"column":28}}]},"4":{"loc":{"start":{"line":67,"column":10},"end":{"line":67,"column":17}},"type":"binary-expr","locations":[{"start":{"line":67,"column":10},"end":{"line":67,"column":17}},{"start":{"line":67,"column":10},"end":{"line":67,"column":17}}]},"5":{"loc":{"start":{"line":70,"column":11},"end":{"line":70,"column":47}},"type":"binary-expr","locations":[{"start":{"line":70,"column":11},"end":{"line":70,"column":28}},{"start":{"line":70,"column":32},"end":{"line":70,"column":47}}]},"6":{"loc":{"start":{"line":70,"column":11},"end":{"line":70,"column":28}},"type":"cond-expr","locations":[{"start":{"line":70,"column":16},"end":{"line":70,"column":18}},{"start":{"line":70,"column":11},"end":{"line":70,"column":28}}]},"7":{"loc":{"start":{"line":70,"column":11},"end":{"line":70,"column":18}},"type":"binary-expr","locations":[{"start":{"line":70,"column":11},"end":{"line":70,"column":18}},{"start":{"line":70,"column":11},"end":{"line":70,"column":18}}]},"8":{"loc":{"start":{"line":79,"column":2},"end":{"line":81,"column":null}},"type":"if","locations":[{"start":{"line":79,"column":2},"end":{"line":81,"column":null}}]},"9":{"loc":{"start":{"line":79,"column":6},"end":{"line":79,"column":29}},"type":"cond-expr","locations":[{"start":{"line":79,"column":21},"end":{"line":79,"column":23}},{"start":{"line":79,"column":21},"end":{"line":79,"column":29}}]},"10":{"loc":{"start":{"line":79,"column":6},"end":{"line":79,"column":23}},"type":"binary-expr","locations":[{"start":{"line":79,"column":6},"end":{"line":79,"column":23}},{"start":{"line":79,"column":21},"end":{"line":79,"column":23}}]},"11":{"loc":{"start":{"line":79,"column":6},"end":{"line":79,"column":21}},"type":"cond-expr","locations":[{"start":{"line":79,"column":11},"end":{"line":79,"column":13}},{"start":{"line":79,"column":6},"end":{"line":79,"column":21}}]},"12":{"loc":{"start":{"line":79,"column":6},"end":{"line":79,"column":13}},"type":"binary-expr","locations":[{"start":{"line":79,"column":6},"end":{"line":79,"column":13}},{"start":{"line":79,"column":6},"end":{"line":79,"column":13}}]},"13":{"loc":{"start":{"line":90,"column":2},"end":{"line":93,"column":null}},"type":"if","locations":[{"start":{"line":90,"column":2},"end":{"line":93,"column":null}}]},"14":{"loc":{"start":{"line":90,"column":6},"end":{"line":90,"column":36}},"type":"cond-expr","locations":[{"start":{"line":90,"column":27},"end":{"line":90,"column":29}},{"start":{"line":90,"column":27},"end":{"line":90,"column":36}}]},"15":{"loc":{"start":{"line":90,"column":6},"end":{"line":90,"column":29}},"type":"binary-expr","locations":[{"start":{"line":90,"column":6},"end":{"line":90,"column":29}},{"start":{"line":90,"column":27},"end":{"line":90,"column":29}}]},"16":{"loc":{"start":{"line":90,"column":6},"end":{"line":90,"column":27}},"type":"cond-expr","locations":[{"start":{"line":90,"column":21},"end":{"line":90,"column":23}},{"start":{"line":90,"column":21},"end":{"line":90,"column":27}}]},"17":{"loc":{"start":{"line":90,"column":6},"end":{"line":90,"column":23}},"type":"binary-expr","locations":[{"start":{"line":90,"column":6},"end":{"line":90,"column":23}},{"start":{"line":90,"column":21},"end":{"line":90,"column":23}}]},"18":{"loc":{"start":{"line":90,"column":6},"end":{"line":90,"column":21}},"type":"cond-expr","locations":[{"start":{"line":90,"column":11},"end":{"line":90,"column":13}},{"start":{"line":90,"column":6},"end":{"line":90,"column":21}}]},"19":{"loc":{"start":{"line":90,"column":6},"end":{"line":90,"column":13}},"type":"binary-expr","locations":[{"start":{"line":90,"column":6},"end":{"line":90,"column":13}},{"start":{"line":90,"column":6},"end":{"line":90,"column":13}}]},"20":{"loc":{"start":{"line":91,"column":20},"end":{"line":91,"column":50}},"type":"cond-expr","locations":[{"start":{"line":91,"column":41},"end":{"line":91,"column":43}},{"start":{"line":91,"column":41},"end":{"line":91,"column":50}}]},"21":{"loc":{"start":{"line":91,"column":20},"end":{"line":91,"column":43}},"type":"binary-expr","locations":[{"start":{"line":91,"column":20},"end":{"line":91,"column":43}},{"start":{"line":91,"column":41},"end":{"line":91,"column":43}}]},"22":{"loc":{"start":{"line":91,"column":20},"end":{"line":91,"column":41}},"type":"cond-expr","locations":[{"start":{"line":91,"column":35},"end":{"line":91,"column":37}},{"start":{"line":91,"column":35},"end":{"line":91,"column":41}}]},"23":{"loc":{"start":{"line":91,"column":20},"end":{"line":91,"column":37}},"type":"binary-expr","locations":[{"start":{"line":91,"column":20},"end":{"line":91,"column":37}},{"start":{"line":91,"column":35},"end":{"line":91,"column":37}}]},"24":{"loc":{"start":{"line":91,"column":20},"end":{"line":91,"column":35}},"type":"cond-expr","locations":[{"start":{"line":91,"column":25},"end":{"line":91,"column":27}},{"start":{"line":91,"column":20},"end":{"line":91,"column":35}}]},"25":{"loc":{"start":{"line":91,"column":20},"end":{"line":91,"column":27}},"type":"binary-expr","locations":[{"start":{"line":91,"column":20},"end":{"line":91,"column":27}},{"start":{"line":91,"column":20},"end":{"line":91,"column":27}}]},"26":{"loc":{"start":{"line":92,"column":11},"end":{"line":92,"column":41}},"type":"cond-expr","locations":[{"start":{"line":92,"column":32},"end":{"line":92,"column":34}},{"start":{"line":92,"column":32},"end":{"line":92,"column":41}}]},"27":{"loc":{"start":{"line":92,"column":11},"end":{"line":92,"column":34}},"type":"binary-expr","locations":[{"start":{"line":92,"column":11},"end":{"line":92,"column":34}},{"start":{"line":92,"column":32},"end":{"line":92,"column":34}}]},"28":{"loc":{"start":{"line":92,"column":11},"end":{"line":92,"column":32}},"type":"cond-expr","locations":[{"start":{"line":92,"column":26},"end":{"line":92,"column":28}},{"start":{"line":92,"column":26},"end":{"line":92,"column":32}}]},"29":{"loc":{"start":{"line":92,"column":11},"end":{"line":92,"column":28}},"type":"binary-expr","locations":[{"start":{"line":92,"column":11},"end":{"line":92,"column":28}},{"start":{"line":92,"column":26},"end":{"line":92,"column":28}}]},"30":{"loc":{"start":{"line":92,"column":11},"end":{"line":92,"column":26}},"type":"cond-expr","locations":[{"start":{"line":92,"column":16},"end":{"line":92,"column":18}},{"start":{"line":92,"column":11},"end":{"line":92,"column":26}}]},"31":{"loc":{"start":{"line":92,"column":11},"end":{"line":92,"column":18}},"type":"binary-expr","locations":[{"start":{"line":92,"column":11},"end":{"line":92,"column":18}},{"start":{"line":92,"column":11},"end":{"line":92,"column":18}}]}},"s":{"0":0,"1":0,"2":0,"3":0,"4":0,"5":0,"6":0,"7":0,"8":0,"9":0,"10":0,"11":0,"12":0,"13":0,"14":0,"15":0,"16":0,"17":0,"18":0,"19":0,"20":0,"21":0,"22":0,"23":0,"24":0,"25":0,"26":0,"27":0,"28":0,"29":0,"30":0},"f":{"0":0,"1":0,"2":0,"3":0,"4":0,"5":0,"6":0,"7":0,"8":0,"9":0,"10":0},"b":{"0":[0],"1":[0,0],"2":[0,0],"3":[0,0],"4":[0,0],"5":[0,0],"6":[0,0],"7":[0,0],"8":[0],"9":[0,0],"10":[0,0],"11":[0,0],"12":[0,0],"13":[0],"14":[0,0],"15":[0,0],"16":[0,0],"17":[0,0],"18":[0,0],"19":[0,0],"20":[0,0],"21":[0,0],"22":[0,0],"23":[0,0],"24":[0,0],"25":[0,0],"26":[0,0],"27":[0,0],"28":[0,0],"29":[0,0],"30":[0,0],"31":[0,0]}}
,"/Users/lanshujun/webpack-ts/src/views/index/index.ts": {"path":"/Users/lanshujun/webpack-ts/src/views/index/index.ts","statementMap":{"0":{"start":{"line":1,"column":21},"end":{"line":5,"column":1}},"1":{"start":{"line":2,"column":2},"end":{"line":2,"column":15}},"2":{"start":{"line":1,"column":13},"end":{"line":1,"column":21}}},"fnMap":{"0":{"name":"(anonymous_0)","decl":{"start":{"line":1,"column":21},"end":{"line":1,"column":22}},"loc":{"start":{"line":1,"column":51},"end":{"line":5,"column":1}}}},"branchMap":{},"s":{"0":1,"1":1,"2":1},"f":{"0":1},"b":{}}
,"/Users/lanshujun/webpack-ts/src/views/index2/selectors.ts": {"path":"/Users/lanshujun/webpack-ts/src/views/index2/selectors.ts","statementMap":{"0":{"start":{"line":1,"column":0},"end":{"line":1,"column":50}},"1":{"start":{"line":3,"column":0},"end":{"line":3,"column":39}},"2":{"start":{"line":5,"column":19},"end":{"line":5,"column":66}},"3":{"start":{"line":5,"column":40},"end":{"line":5,"column":66}},"4":{"start":{"line":7,"column":13},"end":{"line":11,"column":2}},"5":{"start":{"line":9,"column":12},"end":{"line":9,"column":26}}},"fnMap":{"0":{"name":"(anonymous_0)","decl":{"start":{"line":5,"column":19},"end":{"line":5,"column":20}},"loc":{"start":{"line":5,"column":40},"end":{"line":5,"column":66}}},"1":{"name":"(anonymous_1)","decl":{"start":{"line":9,"column":2},"end":{"line":9,"column":3}},"loc":{"start":{"line":9,"column":12},"end":{"line":9,"column":26}}}},"branchMap":{"0":{"loc":{"start":{"line":5,"column":40},"end":{"line":5,"column":66}},"type":"binary-expr","locations":[{"start":{"line":5,"column":40},"end":{"line":5,"column":50}},{"start":{"line":5,"column":54},"end":{"line":5,"column":66}}]}},"s":{"0":0,"1":0,"2":0,"3":0,"4":0,"5":0},"f":{"0":0,"1":0},"b":{"0":[0,0]}}
,"/Users/lanshujun/webpack-ts/src/views/index2/slice.ts": {"path":"/Users/lanshujun/webpack-ts/src/views/index2/slice.ts","statementMap":{"0":{"start":{"line":1,"column":0},"end":{"line":1,"column":62}},"1":{"start":{"line":2,"column":0},"end":{"line":2,"column":37}},"2":{"start":{"line":4,"column":13},"end":{"line":7,"column":2}},"3":{"start":{"line":9,"column":13},"end":{"line":29,"column":3}},"4":{"start":{"line":14,"column":6},"end":{"line":14,"column":23}},"5":{"start":{"line":17,"column":6},"end":{"line":17,"column":23}},"6":{"start":{"line":20,"column":6},"end":{"line":20,"column":36}},"7":{"start":{"line":24,"column":4},"end":{"line":27,"column":7}},"8":{"start":{"line":25,"column":6},"end":{"line":25,"column":34}},"9":{"start":{"line":26,"column":6},"end":{"line":26,"column":41}},"10":{"start":{"line":31,"column":13},"end":{"line":31,"column":59}},"11":{"start":{"line":32,"column":0},"end":{"line":32,"column":36}}},"fnMap":{"0":{"name":"(anonymous_0)","decl":{"start":{"line":13,"column":15},"end":{"line":13,"column":20}},"loc":{"start":{"line":13,"column":23},"end":{"line":15,"column":5}}},"1":{"name":"(anonymous_1)","decl":{"start":{"line":16,"column":15},"end":{"line":16,"column":20}},"loc":{"start":{"line":16,"column":23},"end":{"line":18,"column":5}}},"2":{"name":"(anonymous_2)","decl":{"start":{"line":19,"column":23},"end":{"line":19,"column":24}},"loc":{"start":{"line":19,"column":64},"end":{"line":21,"column":5}}},"3":{"name":"(anonymous_3)","decl":{"start":{"line":23,"column":17},"end":{"line":23,"column":24}},"loc":{"start":{"line":23,"column":27},"end":{"line":28,"column":3}}},"4":{"name":"(anonymous_4)","decl":{"start":{"line":24,"column":41},"end":{"line":24,"column":42}},"loc":{"start":{"line":24,"column":82},"end":{"line":27,"column":5}}}},"branchMap":{},"s":{"0":0,"1":0,"2":0,"3":0,"4":0,"5":0,"6":0,"7":0,"8":0,"9":0,"10":0,"11":0},"f":{"0":0,"1":0,"2":0,"3":0,"4":0},"b":{}}
,"/Users/lanshujun/webpack-ts/src/views/index2/thunks.ts": {"path":"/Users/lanshujun/webpack-ts/src/views/index2/thunks.ts","statementMap":{"0":{"start":{"line":1,"column":0},"end":{"line":1,"column":52}},"1":{"start":{"line":4,"column":13},"end":{"line":9,"column":2}},"2":{"start":{"line":5,"column":28},"end":{"line":8,"column":null}},"3":{"start":{"line":6,"column":16},"end":{"line":6,"column":41}},"4":{"start":{"line":7,"column":4},"end":{"line":7,"column":15}}},"fnMap":{"0":{"name":"(anonymous_7)","decl":{"start":{"line":5,"column":15},"end":{"line":5,"column":22}},"loc":{"start":{"line":5,"column":28},"end":{"line":8,"column":null}}},"1":{"name":"(anonymous_8)","decl":{"start":{"line":5,"column":28},"end":{"line":5,"column":null}},"loc":{"start":{"line":5,"column":28},"end":{"line":8,"column":3}}}},"branchMap":{},"s":{"0":0,"1":0,"2":0,"3":0,"4":0},"f":{"0":0,"1":0},"b":{}}
}
